[2025-12-10 10:17:15] 5 + 3 = 8
[2025-12-10 10:17:16] 10 / 2 = 5.0
[2025-12-10 10:17:17] 99 - 52 = 47
[2025-12-10 10:17:18] 7 * 8 = 56
[2025-12-10 10:17:19] 12 / 0 = ERROR: Division by zero
[2025-12-10 10:17:20] 3.5 + 2.1 = 5.6
[2025-12-10 10:17:21] 100 / 25 = 4.0
[2025-12-10 10:17:22] 6 * 6 = 36
[2025-12-10 10:17:23] 45 - 5 = 40
[2025-12-10 10:17:24] 2 + 3 = 5
[2025-12-10 10:17:25] 9 / 0 = ERROR: Division by zero
[2025-12-10 10:17:26] 8 / 2 = 4.0
[2025-12-10 10:17:27] 1.5 * 1.5 = 2.25
[2025-12-10 10:17:28] 20 / 4 = 5.0
[2025-12-10 10:17:29] 0 + 5 = 5
[2025-12-10 10:17:30] 123 - 77 = 46
[2025-12-10 10:17:31] 3 * 7 = 21
[2025-12-10 10:17:32] 10 + 10 = 20
[2025-12-10 10:17:33] 5 - 2 = 3
[2025-12-10 10:17:34] 15 / 3 = 5.0
